#
# An unexpected error has been detected by Java Runtime Environment:
#
#  EXCEPTION_ACCESS_VIOLATION (0xc0000005) at pc=0x6d939a08, pid=5832, tid=2716
#
# Java VM: Java HotSpot(TM) Client VM (1.6.0_03-b05 mixed mode)
# Problematic frame:
# V  [jvm.dll+0xc9a08]
#
# If you would like to submit a bug report, please visit:
#   http://java.sun.com/webapps/bugreport/crash.jsp
#

---------------  T H R E A D  ---------------

Current thread (0x0c585400):  JavaThread "Java2D Disposer" daemon [_thread_in_vm, id=2716]

siginfo: ExceptionCode=0xc0000005, reading address 0x00000000

Registers:
EAX=0x00000000, EBX=0x00000000, ECX=0x0cc5f904, EDX=0x0cc5f969
ESP=0x0cc5f8b0, EBP=0x021cf160, ESI=0x0c585400, EDI=0x0c580350
EIP=0x6d939a08, EFLAGS=0x00010203

Top of Stack: (sp=0x0cc5f8b0)
0x0cc5f8b0:   02201e8c 0cc5fa68 0c5854ec 0c585400
0x0cc5f8c0:   00000000 00000003 02140048 021ce120
0x0cc5f8d0:   021ce128 021ce514 0c638750 0c585400
0x0cc5f8e0:   0cc5f8bc 76f65ed7 0cc5f994 76f95620
0x0cc5f8f0:   75cb9884 00000388 00000000 75cb98b4
0x0cc5f900:   f038550b 021cf160 75cb97e0 022000a0
0x0cc5f910:   00000024 00000001 00000000 00000000
0x0cc5f920:   00000000 00000000 00000000 00000000 

Instructions: (pc=0x6d939a08)
0x6d9399f8:   8c 24 c4 00 00 00 89 2c 81 ff 84 24 d0 00 00 00
0x6d939a08:   8b 03 8b 50 08 0f b7 4a 26 8b 50 0c 8b 44 8a 1c 


Stack: [0x0cc10000,0x0cc60000),  sp=0x0cc5f8b0,  free space=318k
Native frames: (J=compiled Java code, j=interpreted, Vv=VM code, C=native code)
V  [jvm.dll+0xc9a08]

Java frames: (J=compiled Java code, j=interpreted, Vv=VM code)
j  java.awt.Cursor.finalizeImpl(J)V+0
j  java.awt.Cursor.access$000(J)V+1
j  java.awt.Cursor$CursorDisposer.dispose()V+4
j  sun.java2d.Disposer.run()V+26
j  java.lang.Thread.run()V+11
v  ~StubRoutines::call_stub

---------------  P R O C E S S  ---------------

Java Threads: ( => current thread )
  0x0c70c000 JavaThread "Thread-1" daemon [_thread_in_native, id=4440]
  0x0dabec00 JavaThread "TimerQueue" daemon [_thread_blocked, id=5952]
  0x02151c00 JavaThread "DestroyJavaVM" [_thread_blocked, id=3784]
  0x0c5cb000 JavaThread "AWT-EventQueue-0" [_thread_blocked, id=6048]
  0x0c5a7800 JavaThread "AWT-Shutdown" [_thread_blocked, id=5300]
=>0x0c585400 JavaThread "Java2D Disposer" daemon [_thread_in_vm, id=2716]
  0x021fdc00 JavaThread "Low Memory Detector" daemon [_thread_blocked, id=5324]
  0x021fd800 JavaThread "CompilerThread0" daemon [_thread_blocked, id=6140]
  0x021f2400 JavaThread "JDWP Command Reader" daemon [_thread_in_native, id=996]
  0x021f1c00 JavaThread "JDWP Event Helper Thread" daemon [_thread_blocked, id=6016]
  0x021f0800 JavaThread "JDWP Transport Listener: dt_shmem" daemon [_thread_blocked, id=5032]
  0x021e3800 JavaThread "Attach Listener" daemon [_thread_blocked, id=3088]
  0x021e3000 JavaThread "Signal Dispatcher" daemon [_thread_blocked, id=960]
  0x021d4c00 JavaThread "Finalizer" daemon [_thread_blocked, id=4464]
  0x021c8c00 JavaThread "Reference Handler" daemon [_thread_blocked, id=2256]

Other Threads:
  0x021c5c00 VMThread [id=6072]
  0x021ff400 WatcherThread [id=4908]

VM state:not at safepoint (normal execution)

VM Mutex/Monitor currently owned by a thread: None

Heap
 def new generation   total 960K, used 44K [0x04240000, 0x04340000, 0x04720000)
  eden space 896K,   1% used [0x04240000, 0x04243588, 0x04320000)
  from space 64K,  48% used [0x04320000, 0x04327c10, 0x04330000)
  to   space 64K,   0% used [0x04330000, 0x04330000, 0x04340000)
 tenured generation   total 7072K, used 4249K [0x04720000, 0x04e08000, 0x08240000)
   the space 7072K,  60% used [0x04720000, 0x04b46428, 0x04b46600, 0x04e08000)
 compacting perm gen  total 12288K, used 9073K [0x08240000, 0x08e40000, 0x0c240000)
   the space 12288K,  73% used [0x08240000, 0x08b1c618, 0x08b1c800, 0x08e40000)
No shared spaces configured.

Dynamic libraries:
0x00400000 - 0x00423000 	C:\Program Files\Java\jdk1.6.0_03\jre\bin\java.exe
0x76f30000 - 0x77057000 	C:\Windows\system32\ntdll.dll
0x75c70000 - 0x75d4c000 	C:\Windows\system32\kernel32.dll
0x76a20000 - 0x76ae6000 	C:\Windows\system32\ADVAPI32.dll
0x75d50000 - 0x75e13000 	C:\Windows\system32\RPCRT4.dll
0x7c340000 - 0x7c396000 	C:\Program Files\Java\jdk1.6.0_03\jre\bin\msvcr71.dll
0x6d870000 - 0x6daba000 	C:\Program Files\Java\jdk1.6.0_03\jre\bin\client\jvm.dll
0x770f0000 - 0x7718d000 	C:\Windows\system32\USER32.dll
0x76af0000 - 0x76b3b000 	C:\Windows\system32\GDI32.dll
0x73e10000 - 0x73e42000 	C:\Windows\system32\WINMM.dll
0x75940000 - 0x759ea000 	C:\Windows\system32\msvcrt.dll
0x75770000 - 0x758b5000 	C:\Windows\system32\ole32.dll
0x76c90000 - 0x76d1d000 	C:\Windows\system32\OLEAUT32.dll
0x73850000 - 0x7388d000 	C:\Windows\system32\OLEACC.dll
0x76d80000 - 0x76d9e000 	C:\Windows\system32\IMM32.DLL
0x76bc0000 - 0x76c88000 	C:\Windows\system32\MSCTF.dll
0x75410000 - 0x7543c000 	C:\Windows\system32\apphelp.dll
0x770b0000 - 0x770b9000 	C:\Windows\system32\LPK.DLL
0x758c0000 - 0x7593d000 	C:\Windows\system32\USP10.dll
0x10000000 - 0x10018000 	C:\Windows\system32\eNetHook.dll
0x76d20000 - 0x76d79000 	C:\Windows\system32\SHLWAPI.dll
0x75070000 - 0x7520e000 	C:\Windows\WinSxS\x86_microsoft.windows.common-controls_6595b64144ccf1df_6.0.6002.18005_none_5cb72f96088b0de0\comctl32.dll
0x6d3c0000 - 0x6d3c8000 	C:\Program Files\Java\jdk1.6.0_03\jre\bin\hpi.dll
0x755d0000 - 0x755d7000 	C:\Windows\system32\PSAPI.DLL
0x6d4b0000 - 0x6d4d9000 	C:\Program Files\Java\jdk1.6.0_03\jre\bin\jdwp.dll
0x6d770000 - 0x6d776000 	C:\Program Files\Java\jdk1.6.0_03\jre\bin\npt.dll
0x6d820000 - 0x6d82c000 	C:\Program Files\Java\jdk1.6.0_03\jre\bin\verify.dll
0x6d460000 - 0x6d47f000 	C:\Program Files\Java\jdk1.6.0_03\jre\bin\java.dll
0x6d860000 - 0x6d86f000 	C:\Program Files\Java\jdk1.6.0_03\jre\bin\zip.dll
0x6d320000 - 0x6d328000 	C:\Program Files\Java\jdk1.6.0_03\jre\bin\dt_shmem.dll
0x6d0b0000 - 0x6d273000 	C:\Program Files\Java\jdk1.6.0_03\jre\bin\awt.dll
0x70f60000 - 0x70fa2000 	C:\Windows\system32\WINSPOOL.DRV
0x742b0000 - 0x742ef000 	C:\Windows\system32\uxtheme.dll
0x6d360000 - 0x6d3b3000 	C:\Program Files\Java\jdk1.6.0_03\jre\bin\fontmanager.dll
0x009e0000 - 0x009f7000 	C:\Windows\system32\MsnChatHook.dll
0x0c7c0000 - 0x0c7e2000 	C:\Windows\system32\ShowErrMsg.dll
0x0cd00000 - 0x0cd4a000 	C:\Windows\system32\sysenv.dll
0x74740000 - 0x74748000 	C:\Windows\system32\VERSION.dll
0x75e20000 - 0x76930000 	C:\Windows\system32\SHELL32.dll
0x76930000 - 0x76a16000 	C:\Windows\system32\WININET.dll
0x77060000 - 0x77063000 	C:\Windows\system32\Normaliz.dll
0x76df0000 - 0x76f23000 	C:\Windows\system32\urlmon.dll
0x759f0000 - 0x75bd8000 	C:\Windows\system32\iertutil.dll
0x76b40000 - 0x76bb3000 	C:\Windows\system32\comdlg32.dll
0x725d0000 - 0x72655000 	C:\Windows\WinSxS\x86_microsoft.windows.common-controls_6595b64144ccf1df_5.82.6001.18000_none_886786f450a74a05\COMCTL32.dll
0x0cda0000 - 0x0cdb5000 	C:\Windows\system32\BatchCrypto.dll
0x0cdc0000 - 0x0ce24000 	C:\Windows\system32\CryptoAPI.dll
0x70b40000 - 0x70bdb000 	C:\Windows\WinSxS\x86_microsoft.vc80.crt_1fc8b3b9a1e18e3b_8.0.50727.4053_none_d08d7da0442a985d\MSVCR80.dll
0x0ce40000 - 0x0ce7c000 	C:\Windows\system32\keyManager.dll
0x6e500000 - 0x6e60f000 	C:\Windows\WinSxS\x86_microsoft.vc80.mfc_1fc8b3b9a1e18e3b_8.0.50727.4053_none_cbf21254470d8752\MFC80U.DLL
0x6e680000 - 0x6e707000 	C:\Windows\WinSxS\x86_microsoft.vc80.crt_1fc8b3b9a1e18e3b_8.0.50727.4053_none_d08d7da0442a985d\MSVCP80.dll
0x724f0000 - 0x725cc000 	C:\Windows\system32\dbghelp.dll
0x6e620000 - 0x6e62e000 	C:\Windows\WinSxS\x86_microsoft.vc80.mfcloc_1fc8b3b9a1e18e3b_8.0.50727.762_none_43efccf17831d131\MFC80ENU.DLL
0x6d620000 - 0x6d633000 	C:\Program Files\Java\jdk1.6.0_03\jre\bin\net.dll
0x77080000 - 0x770ad000 	C:\Windows\system32\WS2_32.dll
0x77070000 - 0x77076000 	C:\Windows\system32\NSI.dll
0x74a60000 - 0x74a9b000 	C:\Windows\system32\mswsock.dll
0x74ad0000 - 0x74ad5000 	C:\Windows\System32\wship6.dll
0x6d640000 - 0x6d649000 	C:\Program Files\Java\jdk1.6.0_03\jre\bin\nio.dll
0x0cfe0000 - 0x0d015000 	C:\Windows\system32\btmmhook.dll
0x75be0000 - 0x75c64000 	C:\Windows\system32\CLBCatQ.DLL
0x0d600000 - 0x0d608000 	C:\Acer\Empowering Technology\EPOWER\SysHook.dll
0x66c60000 - 0x66d7b000 	C:\Windows\system32\MFC42.DLL
0x67650000 - 0x676b5000 	C:\Windows\system32\ODBC32.dll
0x67390000 - 0x673c8000 	C:\Windows\system32\odbcint.dll
0x755e0000 - 0x7576a000 	C:\Windows\system32\SETUPAPI.dll
0x73cd0000 - 0x73d8b000 	C:\Windows\system32\PROPSYS.dll
0x75490000 - 0x754ae000 	C:\Windows\system32\USERENV.dll
0x75470000 - 0x75484000 	C:\Windows\system32\Secur32.dll
0x74e40000 - 0x74e54000 	C:\Windows\system32\MPR.dll
0x0d740000 - 0x0d753000 	C:\Program Files\Common Files\Adobe\Adobe Drive CS4\AdobeDriveCS4_NP.dll
0x735c0000 - 0x735d3000 	C:\Windows\System32\ntlanman.dll
0x752c0000 - 0x75336000 	C:\Windows\System32\NETAPI32.dll
0x73600000 - 0x73608000 	C:\Windows\System32\drprov.dll
0x0d760000 - 0x0d772000 	C:\Windows\System32\davclnt.dll
0x74d40000 - 0x74e32000 	C:\Windows\System32\CRYPT32.dll
0x74ea0000 - 0x74eb2000 	C:\Windows\System32\MSASN1.dll
0x703a0000 - 0x703ab000 	C:\Windows\system32\cscapi.dll
0x745a0000 - 0x745cd000 	C:\Windows\system32\WINTRUST.dll
0x770c0000 - 0x770e9000 	C:\Windows\system32\imagehlp.dll
0x705d0000 - 0x705d9000 	C:\Windows\system32\LINKINFO.dll
0x6d2d0000 - 0x6d2f3000 	C:\Program Files\Java\jdk1.6.0_03\jre\bin\dcpr.dll
0x74810000 - 0x7484b000 	C:\Windows\system32\rsaenh.dll

VM Arguments:
jvm_args: -Xdebug -Xrunjdwp:transport=dt_shmem,address=javadebug -Dfile.encoding=Cp1252 -Djava.security.policy=applet.policy
java_command: visualizador.Visualizador
Launcher Type: SUN_STANDARD

Environment Variables:
CLASSPATH=.;C:\Program Files\Java\jre6\lib\ext\QTJava.zip
PATH=C:\Program Files\Common Files\Microsoft Shared\Windows Live;C:\Program Files\PC Connectivity Solution\;C:\Windows\system32;C:\Windows;C:\Windows\System32\Wbem;C:\Program Files\ATI Technologies\ATI.ACE\Core-Static;C:\Actel\Libero_v8.6\WFL/bin;C:\Program Files\QuickTime\QTSystem\;C:\Program Files\Common Files\Microsoft Shared\Windows Live
USERNAME=Pablazo
OS=Windows_NT
PROCESSOR_IDENTIFIER=x86 Family 15 Model 104 Stepping 1, AuthenticAMD



---------------  S Y S T E M  ---------------

OS: Windows Vista Build 6002 Service Pack 2

CPU:total 2 (2 cores per cpu, 1 threads per core) family 15 model 104 stepping 1, cmov, cx8, fxsr, mmx, sse, sse2, sse3, mmxext, 3dnow, 3dnowext

Memory: 4k page, physical 2094532k(847272k free), swap 4194303k(2837100k free)

vm_info: Java HotSpot(TM) Client VM (1.6.0_03-b05) for windows-x86, built on Sep 24 2007 22:24:33 by "java_re" with unknown MS VC++:1310

